<?xml version="1.0" encoding="UTF-8"?>
<!-- Generated by org.testng.reporters.JUnitReportReporter -->
<testsuite hostname="DESKTOP-8KMDSOO" failures="0" tests="1" name="TestNG.Login" time="6.235" errors="0" timestamp="2022-10-09T13:26:41 IST" skipped="0">
  <testcase classname="TestNG.Login" name="f" time="6.235"/>
</testsuite> <!-- TestNG.Login -->
